# JRE version: OpenJDK Runtime Environment (8.0_76-b03) (build 1.8.0_76-release-b03)
# Java VM: OpenJDK 64-Bit Server VM (25.76-b03 mixed mode linux-amd64 compressed oops)
Heap:
 PSYoungGen      total 156672K, used 13298K [0x00000000e0000000, 0x00000000eaa80000, 0x0000000100000000)
  eden space 143360K, 0% used [0x00000000e0000000,0x00000000e0000000,0x00000000e8c00000)
  from space 13312K, 99% used [0x00000000e9080000,0x00000000e9d7caa8,0x00000000e9d80000)
  to   space 11264K, 0% used [0x00000000e9f80000,0x00000000e9f80000,0x00000000eaa80000)
 ParOldGen       total 90624K, used 26705K [0x00000000a0000000, 0x00000000a5880000, 0x00000000e0000000)
  object space 90624K, 29% used [0x00000000a0000000,0x00000000a1a14600,0x00000000a5880000)
 Metaspace       used 50664K, capacity 52046K, committed 52224K, reserved 1093632K
  class space    used 6785K, capacity 7129K, committed 7168K, reserved 1048576K
GC Heap History (10 events):
Event: 3.725 GC heap after
Heap after GC invocations=6 (full 1):
 PSYoungGen      total 68608K, used 5098K [0x00000000e0000000, 0x00000000e7a00000, 0x0000000100000000)
  eden space 63488K, 0% used [0x00000000e0000000,0x00000000e0000000,0x00000000e3e00000)
  from space 5120K, 99% used [0x00000000e3e00000,0x00000000e42fabe8,0x00000000e4300000)
  to   space 11264K, 0% used [0x00000000e6f00000,0x00000000e6f00000,0x00000000e7a00000)
 ParOldGen       total 59392K, used 11651K [0x00000000a0000000, 0x00000000a3a00000, 0x00000000e0000000)
  object space 59392K, 19% used [0x00000000a0000000,0x00000000a0b60da8,0x00000000a3a00000)
 Metaspace       used 26086K, capacity 26646K, committed 26880K, reserved 1073152K
  class space    used 3629K, capacity 3779K, committed 3840K, reserved 1048576K
}
Event: 4.819 GC heap before
{Heap before GC invocations=7 (full 1):
 PSYoungGen      total 68608K, used 68586K [0x00000000e0000000, 0x00000000e7a00000, 0x0000000100000000)
  eden space 63488K, 100% used [0x00000000e0000000,0x00000000e3e00000,0x00000000e3e00000)
  from space 5120K, 99% used [0x00000000e3e00000,0x00000000e42fabe8,0x00000000e4300000)
  to   space 11264K, 0% used [0x00000000e6f00000,0x00000000e6f00000,0x00000000e7a00000)
 ParOldGen       total 59392K, used 11651K [0x00000000a0000000, 0x00000000a3a00000, 0x00000000e0000000)
  object space 59392K, 19% used [0x00000000a0000000,0x00000000a0b60da8,0x00000000a3a00000)
 Metaspace       used 27759K, capacity 28398K, committed 28672K, reserved 1073152K
  class space    used 3811K, capacity 3975K, committed 4096K, reserved 1048576K
Event: 4.825 GC heap after
Heap after GC invocations=7 (full 1):
 PSYoungGen      total 106496K, used 4968K [0x00000000e0000000, 0x00000000e7600000, 0x0000000100000000)
  eden space 99328K, 0% used [0x00000000e0000000,0x00000000e0000000,0x00000000e6100000)
  from space 7168K, 69% used [0x00000000e6f00000,0x00000000e73da030,0x00000000e7600000)
  to   space 10752K, 0% used [0x00000000e6100000,0x00000000e6100000,0x00000000e6b80000)
 ParOldGen       total 59392K, used 11659K [0x00000000a0000000, 0x00000000a3a00000, 0x00000000e0000000)
  object space 59392K, 19% used [0x00000000a0000000,0x00000000a0b62da8,0x00000000a3a00000)
 Metaspace       used 27759K, capacity 28398K, committed 28672K, reserved 1073152K
  class space    used 3811K, capacity 3975K, committed 4096K, reserved 1048576K
}
Event: 6.269 GC heap before
{Heap before GC invocations=8 (full 1):
 PSYoungGen      total 106496K, used 72158K [0x00000000e0000000, 0x00000000e7600000, 0x0000000100000000)
  eden space 99328K, 67% used [0x00000000e0000000,0x00000000e419dbc0,0x00000000e6100000)
  from space 7168K, 69% used [0x00000000e6f00000,0x00000000e73da030,0x00000000e7600000)
  to   space 10752K, 0% used [0x00000000e6100000,0x00000000e6100000,0x00000000e6b80000)
 ParOldGen       total 59392K, used 11659K [0x00000000a0000000, 0x00000000a3a00000, 0x00000000e0000000)
  object space 59392K, 19% used [0x00000000a0000000,0x00000000a0b62da8,0x00000000a3a00000)
 Metaspace       used 34633K, capacity 35360K, committed 35496K, reserved 1079296K
  class space    used 4636K, capacity 4828K, committed 4864K, reserved 1048576K
Event: 6.279 GC heap after
Heap after GC invocations=8 (full 1):
 PSYoungGen      total 110080K, used 10747K [0x00000000e0000000, 0x00000000eab80000, 0x0000000100000000)
  eden space 99328K, 0% used [0x00000000e0000000,0x00000000e0000000,0x00000000e6100000)
  from space 10752K, 99% used [0x00000000e6100000,0x00000000e6b7ee40,0x00000000e6b80000)
  to   space 12288K, 0% used [0x00000000e9f80000,0x00000000e9f80000,0x00000000eab80000)
 ParOldGen       total 59392K, used 11903K [0x00000000a0000000, 0x00000000a3a00000, 0x00000000e0000000)
  object space 59392K, 20% used [0x00000000a0000000,0x00000000a0b9fd30,0x00000000a3a00000)
 Metaspace       used 34633K, capacity 35360K, committed 35496K, reserved 1079296K
  class space    used 4636K, capacity 4828K, committed 4864K, reserved 1048576K
}
Event: 6.279 GC heap before
{Heap before GC invocations=9 (full 2):
 PSYoungGen      total 110080K, used 10747K [0x00000000e0000000, 0x00000000eab80000, 0x0000000100000000)
  eden space 99328K, 0% used [0x00000000e0000000,0x00000000e0000000,0x00000000e6100000)
  from space 10752K, 99% used [0x00000000e6100000,0x00000000e6b7ee40,0x00000000e6b80000)
  to   space 12288K, 0% used [0x00000000e9f80000,0x00000000e9f80000,0x00000000eab80000)
 ParOldGen       total 59392K, used 11903K [0x00000000a0000000, 0x00000000a3a00000, 0x00000000e0000000)
  object space 59392K, 20% used [0x00000000a0000000,0x00000000a0b9fd30,0x00000000a3a00000)
 Metaspace       used 34633K, capacity 35360K, committed 35496K, reserved 1079296K
  class space    used 4636K, capacity 4828K, committed 4864K, reserved 1048576K
Event: 6.353 GC heap after
Heap after GC invocations=9 (full 2):
 PSYoungGen      total 110080K, used 0K [0x00000000e0000000, 0x00000000eab80000, 0x0000000100000000)
  eden space 99328K, 0% used [0x00000000e0000000,0x00000000e0000000,0x00000000e6100000)
  from space 10752K, 0% used [0x00000000e6100000,0x00000000e6100000,0x00000000e6b80000)
  to   space 12288K, 0% used [0x00000000e9f80000,0x00000000e9f80000,0x00000000eab80000)
 ParOldGen       total 90624K, used 18214K [0x00000000a0000000, 0x00000000a5880000, 0x00000000e0000000)
  object space 90624K, 20% used [0x00000000a0000000,0x00000000a11c9830,0x00000000a5880000)
 Metaspace       used 34591K, capacity 35254K, committed 35496K, reserved 1079296K
  class space    used 4623K, capacity 4814K, committed 4864K, reserved 1048576K
}
Event: 7.475 GC heap before
{Heap before GC invocations=10 (full 2):
 PSYoungGen      total 110080K, used 99328K [0x00000000e0000000, 0x00000000eab80000, 0x0000000100000000)
  eden space 99328K, 100% used [0x00000000e0000000,0x00000000e6100000,0x00000000e6100000)
  from space 10752K, 0% used [0x00000000e6100000,0x00000000e6100000,0x00000000e6b80000)
  to   space 12288K, 0% used [0x00000000e9f80000,0x00000000e9f80000,0x00000000eab80000)
 ParOldGen       total 90624K, used 18214K [0x00000000a0000000, 0x00000000a5880000, 0x00000000e0000000)
  object space 90624K, 20% used [0x00000000a0000000,0x00000000a11c9830,0x00000000a5880000)
 Metaspace       used 43582K, capacity 44452K, committed 44800K, reserved 1087488K
  class space    used 5815K, capacity 6046K, committed 6144K, reserved 1048576K
Event: 7.488 GC heap after
Heap after GC invocations=10 (full 2):
 PSYoungGen      total 154624K, used 10796K [0x00000000e0000000, 0x00000000eaa80000, 0x0000000100000000)
  eden space 143360K, 0% used [0x00000000e0000000,0x00000000e0000000,0x00000000e8c00000)
  from space 11264K, 95% used [0x00000000e9f80000,0x00000000eaa0b380,0x00000000eaa80000)
  to   space 13312K, 0% used [0x00000000e9080000,0x00000000e9080000,0x00000000e9d80000)
 ParOldGen       total 90624K, used 18222K [0x00000000a0000000, 0x00000000a5880000, 0x00000000e0000000)
  object space 90624K, 20% used [0x00000000a0000000,0x00000000a11cb830,0x00000000a5880000)
 Metaspace       used 43582K, capacity 44452K, committed 44800K, reserved 1087488K
  class space    used 5815K, capacity 6046K, committed 6144K, reserved 1048576K
}
Event: 30.942 GC heap before
{Heap before GC invocations=11 (full 2):
 PSYoungGen      total 154624K, used 154156K [0x00000000e0000000, 0x00000000eaa80000, 0x0000000100000000)
  eden space 143360K, 100% used [0x00000000e0000000,0x00000000e8c00000,0x00000000e8c00000)
  from space 11264K, 95% used [0x00000000e9f80000,0x00000000eaa0b380,0x00000000eaa80000)
  to   space 13312K, 0% used [0x00000000e9080000,0x00000000e9080000,0x00000000e9d80000)
 ParOldGen       total 90624K, used 18222K [0x00000000a0000000, 0x00000000a5880000, 0x00000000e0000000)
  object space 90624K, 20% used [0x00000000a0000000,0x00000000a11cb830,0x00000000a5880000)
 Metaspace       used 50664K, capacity 52046K, committed 52224K, reserved 1093632K
  class space    used 6785K, capacity 7129K, committed 7168K, reserved 1048576K

